<?xml version="1.0" encoding="UTF-8"?>
<!-- Generated by org.testng.reporters.JUnitReportReporter -->
<testsuite skipped="0" hostname="DESKTOP-G2S5BGV" name="dataprovide.firstpage" tests="1" failures="0" timestamp="06 Jun 2018 06:05:59 GMT" time="8.570" errors="0">
  <testcase name="initialize" time="8.570" classname="dataprovide.firstpage"/>
</testsuite> <!-- dataprovide.firstpage -->
