<?xml version="1.0" encoding="UTF-8"?>
<!-- Generated by org.testng.reporters.JUnitReportReporter -->
<testsuite skipped="0" hostname="DESKTOP-G2S5BGV" name="com.crm.qa.testcases.LoginPageTest" tests="3" failures="0" timestamp="31 May 2018 18:36:18 GMT" time="19.695" errors="0">
  <testcase name="loginPageTitleTest" time="5.286" classname="com.crm.qa.testcases.LoginPageTest"/>
  <testcase name="crmLogoImageTest" time="6.290" classname="com.crm.qa.testcases.LoginPageTest"/>
  <testcase name="loginTest" time="8.119" classname="com.crm.qa.testcases.LoginPageTest"/>
</testsuite> <!-- com.crm.qa.testcases.LoginPageTest -->
