<?xml version="1.0" encoding="UTF-8"?>
<!-- Generated by org.testng.reporters.JUnitReportReporter -->
<testsuite skipped="0" hostname="DESKTOP-G2S5BGV" name="Academy.HomePage" tests="2" failures="0" timestamp="24 May 2018 00:57:14 GMT" time="20.720" errors="0">
  <testcase name="basePageNavigation" time="15.975" classname="Academy.HomePage"/>
  <testcase name="basePageNavigation" time="4.745" classname="Academy.HomePage"/>
</testsuite> <!-- Academy.HomePage -->
