<?xml version="1.0" encoding="UTF-8"?>
<!-- Generated by org.testng.reporters.JUnitReportReporter -->
<testsuite skipped="0" hostname="DESKTOP-G2S5BGV" name="Academy.validateNavigationBar" tests="1" failures="0" timestamp="24 May 2018 00:57:14 GMT" time="0.048" errors="0">
  <testcase name="validateAppNavBar" time="0.048" classname="Academy.validateNavigationBar"/>
</testsuite> <!-- Academy.validateNavigationBar -->
